2016-05-21 20:46:23.4220        ■Error
    ▲<>c__DisplayClass25.<BeginInvokeAction>b__22 => ControllerActionInvoker.InvokeExceptionFilters => BaseController.OnException
    ◇Hospital.Web.Base.Controllers.BaseController.OnException(j:\庄稼医院\CropsHospital\Hospital\Hospital.Web.Base\Controllers\BaseController.cs:66)
    ◆
请求信息：
Controller=ask，Action=index，RouteId=，TimeStamp=2016/5/21 20:46:22
异常信息：
System.InvalidOperationException: The entity type AskTypeEntity is not part of the model for the current context.
   在 System.Data.Entity.Internal.InternalContext.UpdateEntitySetMappingsForType(Type entityType)
   在 System.Data.Entity.Internal.InternalContext.GetEntitySetAndBaseTypeForType(Type entityType)
   在 System.Data.Entity.Internal.Linq.InternalSet`1.Initialize()
   在 System.Data.Entity.Internal.Linq.InternalSet`1.AsNoTracking()
   在 System.Data.Entity.Infrastructure.DbQuery`1.AsNoTracking()
   在 Hospital.Base.RepositoryBase`1.get_Entities() 位置 j:\庄稼医院\CropsHospital\Hospital\Hospital.Base\RepositoryBase.cs:行号 48
   在 Hospital.BLL.AskTypeContract.GetAskTypeList() 位置 j:\庄稼医院\CropsHospital\Hospital\Hospital.BLL\AskTypeContract.cs:行号 25
   在 Hospital.Terminal.Controllers.AskController.Index() 位置 j:\庄稼医院\CropsHospital\Hospital\Hospital.Terminal\Controllers\AskController.cs:行号 28
   在 lambda_method(Closure , ControllerBase , Object[] )
   在 System.Web.Mvc.ReflectedActionDescriptor.Execute(ControllerContext controllerContext, IDictionary`2 parameters)
   在 System.Web.Mvc.ControllerActionInvoker.InvokeActionMethod(ControllerContext controllerContext, ActionDescriptor actionDescriptor, IDictionary`2 parameters)
   在 System.Web.Mvc.Async.AsyncControllerActionInvoker.<>c__DisplayClass42.<BeginInvokeSynchronousActionMethod>b__41()
   在 System.Web.Mvc.Async.AsyncControllerActionInvoker.EndInvokeActionMethod(IAsyncResult asyncResult)
   在 System.Web.Mvc.Async.AsyncControllerActionInvoker.<>c__DisplayClass37.<>c__DisplayClass39.<BeginInvokeActionMethodWithFilters>b__33()
   在 System.Web.Mvc.Async.AsyncControllerActionInvoker.<>c__DisplayClass4f.<InvokeActionMethodFilterAsynchronously>b__49()
   在 System.Web.Mvc.Async.AsyncControllerActionInvoker.EndInvokeActionMethodWithFilters(IAsyncResult asyncResult)
   在 System.Web.Mvc.Async.AsyncControllerActionInvoker.<>c__DisplayClass25.<>c__DisplayClass2a.<BeginInvokeAction>b__20()
   在 System.Web.Mvc.Async.AsyncControllerActionInvoker.<>c__DisplayClass25.<BeginInvokeAction>b__22(IAsyncResult asyncResult)

***************************************************************************
